<?xml version="1.0" encoding="UTF-8"?>
<!-- Generated by org.testng.reporters.JUnitReportReporter -->
<testsuite hostname="94200-2-8600" name="GhostModule" tests="1" failures="0" timestamp="28 Sep 2016 18:40:22 GMT" time="70.768" errors="0">
  <testcase name="Login" time="70.768" classname="GhostModule"/>
</testsuite> <!-- GhostModule -->
