<?xml version="1.0" encoding="UTF-8"?>
<!-- Generated by org.testng.reporters.JUnitReportReporter -->
<testsuite hostname="94200-2-8600" name="GhostModule" tests="1" failures="0" timestamp="30 Sep 2016 19:03:53 GMT" time="111.508" errors="0">
  <testcase name="Login" time="111.508" classname="GhostModule"/>
</testsuite> <!-- GhostModule -->
